<?xml version="1.0" encoding="UTF-8"?>
<!-- Generated by org.testng.reporters.JUnitXMLReporter -->
<testsuite ignored="2" hostname="LAPTOP-B5U96TAB" failures="0" tests="2" name="TestLocal" time="0.142" errors="0" timestamp="2022-09-26T08:49:05 IST">
  <testcase classname="generic.BaseTest" name="@BeforeMethod openApp" time="0.023">
    <failure type="java.lang.NullPointerException" message="Cannot invoke &amp;quot;String.equalsIgnoreCase(String)&amp;quot; because &amp;quot;useGrid&amp;quot; is null">
      <![CDATA[java.lang.NullPointerException: Cannot invoke "String.equalsIgnoreCase(String)" because "useGrid" is null
at generic.BaseTest.openApp(BaseTest.java:76)
at java.base/java.util.ArrayList.forEach(ArrayList.java:1511)
at java.base/java.util.concurrent.FutureTask.run(FutureTask.java:264)
at java.base/java.util.concurrent.ThreadPoolExecutor.runWorker(ThreadPoolExecutor.java:1136)
at java.base/java.util.concurrent.ThreadPoolExecutor$Worker.run(ThreadPoolExecutor.java:635)
at java.base/java.lang.Thread.run(Thread.java:833)
... Removed 19 stack frames]]>
    </failure>
  </testcase> <!-- @BeforeMethod openApp -->
  <testcase classname="generic.BaseTest" name="@AfterMethod closeApp" time="0.0">
    <skipped/>
  </testcase> <!-- @AfterMethod closeApp -->
  <testcase classname="generic.BaseTest" name="@BeforeMethod openApp" time="0.003">
    <failure type="java.lang.NullPointerException" message="Cannot invoke &amp;quot;String.equalsIgnoreCase(String)&amp;quot; because &amp;quot;useGrid&amp;quot; is null">
      <![CDATA[java.lang.NullPointerException: Cannot invoke "String.equalsIgnoreCase(String)" because "useGrid" is null
at generic.BaseTest.openApp(BaseTest.java:76)
at java.base/java.util.ArrayList.forEach(ArrayList.java:1511)
at java.base/java.util.concurrent.FutureTask.run(FutureTask.java:264)
at java.base/java.util.concurrent.ThreadPoolExecutor.runWorker(ThreadPoolExecutor.java:1136)
at java.base/java.util.concurrent.ThreadPoolExecutor$Worker.run(ThreadPoolExecutor.java:635)
at java.base/java.lang.Thread.run(Thread.java:833)
... Removed 19 stack frames]]>
    </failure>
  </testcase> <!-- @BeforeMethod openApp -->
  <testcase classname="generic.BaseTest" name="@AfterMethod closeApp" time="0.0">
    <skipped/>
  </testcase> <!-- @AfterMethod closeApp -->
  <testcase classname="script.Test1" name="testA" time="0.0">
    <skipped/>
  </testcase> <!-- testA -->
  <testcase classname="script.Test2" name="testB" time="0.0">
    <skipped/>
  </testcase> <!-- testB -->
  <testcase classname="generic.BaseTest" name="@BeforeSuite initReport" time="0.0">
    <ignored/>
  </testcase> <!-- @BeforeSuite initReport -->
  <testcase classname="generic.BaseTest" name="@AfterSuite publishReport" time="0.0">
    <ignored/>
  </testcase> <!-- @AfterSuite publishReport -->
</testsuite> <!-- TestLocal -->
